{
  "RSpec": {
    "coverage": {
      "/home/computer-monica/rebooking/app/helpers/application_helper.rb": {
        "lines": [
          1,
          null
        ]
      },
      "/home/computer-monica/rebooking/app/helpers/appointments_helper.rb": {
        "lines": [
          1,
          null
        ]
      },
      "/home/computer-monica/rebooking/app/helpers/customers_helper.rb": {
        "lines": [
          1,
          null
        ]
      },
      "/home/computer-monica/rebooking/app/helpers/dashboard_helper.rb": {
        "lines": [
          1,
          null
        ]
      },
      "/home/computer-monica/rebooking/app/helpers/messages_helper.rb": {
        "lines": [
          1,
          null
        ]
      },
      "/home/computer-monica/rebooking/app/helpers/settings/businesses_helper.rb": {
        "lines": [
          1,
          null
        ]
      },
      "/home/computer-monica/rebooking/app/jobs/schedule_appointment_reminders_job.rb": {
        "lines": [
          1,
          1,
          null,
          1,
          null,
          9,
          11,
          null,
          10,
          10,
          null,
          null,
          10,
          null,
          null,
          10,
          8,
          null,
          null,
          null,
          null
        ]
      },
      "/home/computer-monica/rebooking/app/jobs/application_job.rb": {
        "lines": [
          1,
          null,
          null,
          null,
          null,
          null,
          null
        ]
      },
      "/home/computer-monica/rebooking/app/jobs/send_appointment_reminder_job.rb": {
        "lines": [
          1,
          1,
          null,
          1,
          4,
          4,
          4,
          null,
          null,
          4,
          null,
          null,
          4,
          null,
          null,
          1,
          null,
          1,
          4,
          4,
          null,
          null
        ]
      },
      "/home/computer-monica/rebooking/app/jobs/send_message_job.rb": {
        "lines": [
          1,
          1,
          null,
          1,
          11,
          11,
          null,
          null,
          11,
          5,
          5,
          null,
          null,
          null,
          6,
          null,
          null,
          6,
          6,
          null,
          null,
          null,
          null,
          null,
          null,
          4,
          null,
          null,
          null,
          null,
          null,
          null,
          null,
          null,
          2,
          null,
          null,
          2,
          null,
          null,
          null,
          null,
          null,
          null,
          null,
          null,
          null
        ]
      },
      "/home/computer-monica/rebooking/app/models/appointment.rb": {
        "lines": [
          1,
          1,
          1,
          1,
          null,
          1,
          null,
          1,
          1,
          1,
          null,
          1,
          null,
          1,
          79,
          null,
          76,
          2,
          null,
          null,
          null
        ]
      },
      "/home/computer-monica/rebooking/app/models/application_record.rb": {
        "lines": [
          1,
          1,
          null
        ]
      },
      "/home/computer-monica/rebooking/app/models/business.rb": {
        "lines": [
          1,
          1,
          1,
          1,
          1,
          null,
          1,
          1,
          1,
          null
        ]
      },
      "/home/computer-monica/rebooking/app/models/consent_log.rb": {
        "lines": [
          1,
          1,
          null,
          1,
          null,
          1,
          1,
          1,
          null
        ]
      },
      "/home/computer-monica/rebooking/app/models/customer.rb": {
        "lines": [
          1,
          1,
          1,
          1,
          1,
          1,
          null,
          1,
          null,
          1,
          1,
          1,
          null,
          1,
          null,
          null,
          1,
          32,
          null,
          null,
          null,
          1,
          33,
          null,
          null,
          null,
          1,
          29,
          null,
          null,
          1,
          null,
          1,
          202,
          null,
          202,
          null,
          null,
          null,
          null,
          null,
          null
        ]
      },
      "/home/computer-monica/rebooking/app/models/message.rb": {
        "lines": [
          1,
          1,
          1,
          1,
          null,
          1,
          1,
          null,
          1,
          1,
          null
        ]
      },
      "/home/computer-monica/rebooking/app/models/user.rb": {
        "lines": [
          1,
          null,
          null,
          null,
          1,
          null,
          null,
          1,
          null,
          1,
          null,
          null,
          1,
          1,
          1,
          1,
          null,
          1,
          null,
          1,
          288,
          null,
          null
        ]
      },
      "/home/computer-monica/rebooking/app/controllers/application_controller.rb": {
        "lines": [
          1,
          null,
          1,
          null,
          1,
          1,
          1,
          null,
          1,
          null,
          1,
          186,
          null,
          null,
          1,
          145,
          2,
          null,
          null,
          null
        ]
      },
      "/home/computer-monica/rebooking/app/services/consent_manager.rb": {
        "lines": [
          null,
          1,
          1,
          26,
          null,
          null,
          null,
          null,
          null,
          null,
          1,
          11,
          null,
          8,
          8,
          null,
          null,
          null,
          null,
          7,
          null,
          null,
          null,
          null,
          null,
          null,
          null,
          7,
          null,
          1,
          null,
          null,
          null,
          null,
          null,
          null,
          1,
          15,
          null,
          11,
          11,
          null,
          null,
          null,
          null,
          10,
          null,
          null,
          null,
          null,
          null,
          null,
          null,
          10,
          null,
          1,
          null,
          null
        ]
      },
      "/home/computer-monica/rebooking/app/services/message_parser.rb": {
        "lines": [
          null,
          1,
          1,
          1,
          null,
          1,
          45,
          null,
          null,
          null,
          null,
          1,
          153,
          null,
          null,
          null,
          null,
          1,
          55,
          null,
          null,
          null,
          null,
          1,
          3,
          null,
          null,
          null,
          null,
          1,
          6,
          3,
          null,
          null,
          null
        ]
      },
      "/home/computer-monica/rebooking/app/services/twilio_service.rb": {
        "lines": [
          null,
          1,
          1,
          null,
          1,
          7,
          null,
          null,
          null,
          null,
          null,
          null,
          null,
          null,
          1,
          7,
          null,
          7,
          6,
          5,
          null,
          4,
          null,
          null,
          null,
          null,
          null,
          3,
          null,
          1,
          null,
          null
        ]
      },
      "/home/computer-monica/rebooking/app/controllers/customers_controller.rb": {
        "lines": [
          1,
          1,
          null,
          1,
          11,
          null,
          null,
          1,
          null,
          null,
          1,
          2,
          null,
          null,
          1,
          3,
          3,
          null,
          3,
          2,
          null,
          1,
          null,
          null,
          null,
          1,
          null,
          null,
          1,
          2,
          2,
          null,
          0,
          null,
          null,
          null,
          1,
          1,
          1,
          null,
          null,
          1,
          null,
          1,
          10,
          null,
          null,
          1,
          5,
          null,
          null
        ]
      },
      "/home/computer-monica/rebooking/app/controllers/appointments_controller.rb": {
        "lines": [
          1,
          1,
          null,
          1,
          9,
          null,
          null,
          1,
          null,
          null,
          1,
          3,
          null,
          null,
          1,
          4,
          4,
          null,
          4,
          2,
          null,
          2,
          null,
          null,
          null,
          1,
          null,
          null,
          1,
          2,
          2,
          null,
          0,
          null,
          null,
          null,
          1,
          1,
          1,
          null,
          null,
          1,
          null,
          1,
          10,
          null,
          null,
          1,
          6,
          null,
          null
        ]
      },
      "/home/computer-monica/rebooking/app/controllers/messages_controller.rb": {
        "lines": [
          1,
          1,
          null,
          1,
          4,
          null,
          null,
          1,
          null,
          null,
          1,
          null,
          1,
          2,
          null,
          null
        ]
      },
      "/home/computer-monica/rebooking/app/controllers/dashboard_controller.rb": {
        "lines": [
          1,
          1,
          null,
          null
        ]
      },
      "/home/computer-monica/rebooking/app/controllers/settings/businesses_controller.rb": {
        "lines": [
          1,
          1,
          1,
          null,
          1,
          null,
          null,
          1,
          12,
          4,
          4,
          3,
          3,
          null,
          1,
          null,
          null,
          8,
          4,
          null,
          4,
          null,
          null,
          null,
          null,
          1,
          null,
          1,
          21,
          null,
          null,
          1,
          12,
          null,
          null
        ]
      },
      "/home/computer-monica/rebooking/app/controllers/twilio_webhooks_controller.rb": {
        "lines": [
          1,
          1,
          1,
          1,
          1,
          null,
          1,
          9,
          9,
          9,
          null,
          null,
          9,
          null,
          9,
          1,
          1,
          null,
          null,
          null,
          8,
          null,
          null,
          null,
          null,
          null,
          null,
          null,
          null,
          null,
          8,
          null,
          8,
          3,
          3,
          3,
          null,
          null,
          5,
          null,
          2,
          2,
          null,
          null,
          null,
          5,
          null,
          null,
          null,
          null,
          null,
          null,
          5,
          null,
          null,
          1,
          7,
          7,
          7,
          7,
          null,
          null,
          7,
          null,
          7,
          null,
          null,
          6,
          null,
          1,
          null,
          1,
          null,
          2,
          null,
          2,
          null,
          null,
          null,
          null,
          null,
          6,
          null,
          null,
          1,
          null,
          1,
          null,
          20,
          null,
          null,
          20,
          null,
          null,
          20,
          null,
          null,
          20,
          null,
          null,
          20,
          null,
          20,
          4,
          null,
          null,
          null
        ]
      },
      "/home/computer-monica/rebooking/app/mailers/application_mailer.rb": {
        "lines": [
          0,
          0,
          0,
          0
        ],
        "branches": {}
      }
    },
    "timestamp": 1759808688
  }
}
